2023-12-11 11:13:57 - text_classification.py:333 - INFO - Initializing...
2023-12-11 11:13:57 - text_classification.py:407 - INFO - args: Namespace(multimodal=False, label='SS_ternary', test_size=0.1, model='nn', lr=0.0001, batch_size=128, max_epochs=30, patience=2, encoder='tfidf', decomp_dim=0, threshold=0.3, seed=42)
2023-12-11 11:13:57 - text_classification.py:411 - INFO - file_paths: [PosixPath('preprocessed/1902F2001.csv'), PosixPath('preprocessed/1902F4005.csv'), PosixPath('preprocessed/1902M3001.csv'), PosixPath('preprocessed/1902M7002.csv'), PosixPath('preprocessed/1902F4010.csv'), PosixPath('preprocessed/1902M2001.csv'), PosixPath('preprocessed/1902F4003.csv'), PosixPath('preprocessed/1902F3002.csv'), PosixPath('preprocessed/1902F2002.csv'), PosixPath('preprocessed/1902M5003.csv'), PosixPath('preprocessed/1902M4001.csv'), PosixPath('preprocessed/1902F4002.csv'), PosixPath('preprocessed/1902F4006.csv'), PosixPath('preprocessed/1902F4008.csv'), PosixPath('preprocessed/1902F4001.csv'), PosixPath('preprocessed/1902M7001.csv'), PosixPath('preprocessed/1902F4009.csv'), PosixPath('preprocessed/1902F4011.csv'), PosixPath('preprocessed/1902M5001.csv'), PosixPath('preprocessed/1902M4002.csv'), PosixPath('preprocessed/1902F3001.csv'), PosixPath('preprocessed/1902M5002.csv'), PosixPath('preprocessed/1902F6001.csv'), PosixPath('preprocessed/1902F7002.csv'), PosixPath('preprocessed/1902F7003.csv'), PosixPath('preprocessed/1902F7001.csv'), PosixPath('preprocessed/1902F4004.csv'), PosixPath('preprocessed/1902F6002.csv')]
2023-12-11 11:13:58 - text_classification.py:56 - INFO - Fitting TfidfVectorizer...
2023-12-11 11:13:59 - text_classification.py:157 - INFO - utter_embeddings.shape: (2337, 3087)
2023-12-11 11:13:59 - text_classification.py:158 - INFO - labels.shape: (2337,)
2023-12-11 11:13:59 - text_classification.py:276 - INFO - X_train.shape: (2103, 3087)
2023-12-11 11:13:59 - text_classification.py:277 - INFO - X_test.shape: (234, 3087)
2023-12-11 11:13:59 - text_classification.py:278 - INFO - y_train.shape: (2103,)
2023-12-11 11:13:59 - text_classification.py:279 - INFO - y_test.shape: (234,)
2023-12-11 11:13:59 - text_classification.py:200 - INFO - Creating dataloader...
2023-12-11 11:13:59 - text_classification.py:200 - INFO - Creating dataloader...
2023-12-11 11:13:59 - text_classification.py:200 - INFO - Creating dataloader...
2023-12-11 11:13:59 - text_classification.py:244 - INFO - Training the model...
2023-12-11 11:14:48 - text_classification.py:247 - INFO - Testing the model...
2023-12-11 11:14:49 - text_classification.py:314 - INFO - Accuracy: [{'test_loss': 1.0471283197402954, 'test_f1': 0.2157985479523578}]
2023-12-11 11:15:07 - text_classification.py:333 - INFO - Initializing...
2023-12-11 11:15:07 - text_classification.py:407 - INFO - args: Namespace(multimodal=False, label='TS_ternary', test_size=0.1, model='nn', lr=0.0001, batch_size=128, max_epochs=30, patience=2, encoder='tfidf', decomp_dim=0, threshold=0.3, seed=42)
2023-12-11 11:15:07 - text_classification.py:411 - INFO - file_paths: [PosixPath('preprocessed/1902F2001.csv'), PosixPath('preprocessed/1902F4005.csv'), PosixPath('preprocessed/1902M3001.csv'), PosixPath('preprocessed/1902M7002.csv'), PosixPath('preprocessed/1902F4010.csv'), PosixPath('preprocessed/1902M2001.csv'), PosixPath('preprocessed/1902F4003.csv'), PosixPath('preprocessed/1902F3002.csv'), PosixPath('preprocessed/1902F2002.csv'), PosixPath('preprocessed/1902M5003.csv'), PosixPath('preprocessed/1902M4001.csv'), PosixPath('preprocessed/1902F4002.csv'), PosixPath('preprocessed/1902F4006.csv'), PosixPath('preprocessed/1902F4008.csv'), PosixPath('preprocessed/1902F4001.csv'), PosixPath('preprocessed/1902M7001.csv'), PosixPath('preprocessed/1902F4009.csv'), PosixPath('preprocessed/1902F4011.csv'), PosixPath('preprocessed/1902M5001.csv'), PosixPath('preprocessed/1902M4002.csv'), PosixPath('preprocessed/1902F3001.csv'), PosixPath('preprocessed/1902M5002.csv'), PosixPath('preprocessed/1902F6001.csv'), PosixPath('preprocessed/1902F7002.csv'), PosixPath('preprocessed/1902F7003.csv'), PosixPath('preprocessed/1902F7001.csv'), PosixPath('preprocessed/1902F4004.csv'), PosixPath('preprocessed/1902F6002.csv')]
2023-12-11 11:15:08 - text_classification.py:56 - INFO - Fitting TfidfVectorizer...
2023-12-11 11:15:08 - text_classification.py:157 - INFO - utter_embeddings.shape: (2337, 3087)
2023-12-11 11:15:08 - text_classification.py:158 - INFO - labels.shape: (2337,)
2023-12-11 11:15:08 - text_classification.py:276 - INFO - X_train.shape: (2103, 3087)
2023-12-11 11:15:08 - text_classification.py:277 - INFO - X_test.shape: (234, 3087)
2023-12-11 11:15:08 - text_classification.py:278 - INFO - y_train.shape: (2103,)
2023-12-11 11:15:08 - text_classification.py:279 - INFO - y_test.shape: (234,)
2023-12-11 11:15:08 - text_classification.py:200 - INFO - Creating dataloader...
2023-12-11 11:15:08 - text_classification.py:200 - INFO - Creating dataloader...
2023-12-11 11:15:08 - text_classification.py:200 - INFO - Creating dataloader...
2023-12-11 11:15:09 - text_classification.py:244 - INFO - Training the model...
2023-12-11 11:16:05 - text_classification.py:247 - INFO - Testing the model...
2023-12-11 11:16:06 - text_classification.py:314 - INFO - Accuracy: [{'test_loss': 0.9726108908653259, 'test_f1': 0.3824155032430984}]
