2023-12-13 16:11:23 - text_classification.py:333 - INFO - Initializing...
2023-12-13 16:11:23 - text_classification.py:407 - INFO - args: Namespace(multimodal=False, label='TS_ternary', test_size=0.1, model='logistic', lr=0.0001, batch_size=128, max_epochs=30, patience=2, encoder='tfidf', decomp_dim=0, threshold=0.3, seed=42)
2023-12-13 16:11:23 - text_classification.py:411 - INFO - file_paths: [PosixPath('preprocessed/1902F2001.csv'), PosixPath('preprocessed/1902F4005.csv'), PosixPath('preprocessed/1902M3001.csv'), PosixPath('preprocessed/1902M7002.csv'), PosixPath('preprocessed/1902F4010.csv'), PosixPath('preprocessed/1902M2001.csv'), PosixPath('preprocessed/1902F4003.csv'), PosixPath('preprocessed/1902F3002.csv'), PosixPath('preprocessed/1902F2002.csv'), PosixPath('preprocessed/1902M5003.csv'), PosixPath('preprocessed/1902M4001.csv'), PosixPath('preprocessed/1902F4002.csv'), PosixPath('preprocessed/1902F4006.csv'), PosixPath('preprocessed/1902F4008.csv'), PosixPath('preprocessed/1902F4001.csv'), PosixPath('preprocessed/1902M7001.csv'), PosixPath('preprocessed/1902F4009.csv'), PosixPath('preprocessed/1902F4011.csv'), PosixPath('preprocessed/1902M5001.csv'), PosixPath('preprocessed/1902M4002.csv'), PosixPath('preprocessed/1902F3001.csv'), PosixPath('preprocessed/1902M5002.csv'), PosixPath('preprocessed/1902F6001.csv'), PosixPath('preprocessed/1902F7002.csv'), PosixPath('preprocessed/1902F7003.csv'), PosixPath('preprocessed/1902F7001.csv'), PosixPath('preprocessed/1902F4004.csv'), PosixPath('preprocessed/1902F6002.csv')]
2023-12-13 16:11:24 - text_classification.py:56 - INFO - Fitting TfidfVectorizer...
2023-12-13 16:11:24 - text_classification.py:157 - INFO - utter_embeddings.shape: (2337, 3087)
2023-12-13 16:11:24 - text_classification.py:158 - INFO - labels.shape: (2337,)
2023-12-13 16:11:24 - text_classification.py:276 - INFO - X_train.shape: (2103, 3087)
2023-12-13 16:11:24 - text_classification.py:277 - INFO - X_test.shape: (234, 3087)
2023-12-13 16:11:24 - text_classification.py:278 - INFO - y_train.shape: (2103,)
2023-12-13 16:11:24 - text_classification.py:279 - INFO - y_test.shape: (234,)
2023-12-13 16:11:25 - text_classification.py:314 - INFO - Accuracy: 0.8418803418803419
2023-12-13 16:11:25 - text_classification.py:324 - INFO - Selected features: ['あまり', 'あり', 'いい', 'いき', 'おすすめ', 'お答え', 'か', 'かね', 'これ', 'さいき', 'する', 'そう', 'たいへん', 'って', 'という', 'とか', 'な', 'なさ', 'は', 'もらっ', 'やっ', 'やり', 'よう', 'ん', 'エスエヌエス', 'ゲーム', 'テレビ', 'ルンバ', '使っ', '学生', '思い', '時', '時代', '本当', '楽器', '残念', '演奏', '漫画', '番組', '行き', '質問', '邦画', '面白い', '食べもの', '．', ')|(', '-', 'D', 'あまり', 'あんまり', 'あー', 'いや', 'うーん', 'え', 'ええ', 'おすすめ', 'か', 'こと', 'ごめん', 'ごめんなさい', 'しゃぶしゃぶ', 'すいません', 'そういう', 'ちょっと', 'っけ', 'って', 'でし', 'です', 'とき', 'どこ', 'どんな', 'ない', 'にくかっ', 'へー', 'ほとんど', 'ませ', 'もう', 'ゆっくり', 'ん', 'オリンピック', 'ルンバ', '今', '何', '全然', '分から', '分かり', '別', '利用', '名前', '多分', '大変', '学年', '忘れ', '思い', '思う', '暇', '最近', '本当', '漫画', '特に', '競技', '興味', '行っ', '見れ', '覚え', '通う', '野球', '難しい', 'ＰＴＡ', 'ＳＮＳ', 'Ｓｗｉｔｃｈ']
2023-12-13 16:11:25 - text_classification.py:325 - INFO - Weighted dictionary: {'あまり': 1.093839183717526, 'あり': 1.1470495914602716, 'いい': 0.6106337516071797, 'いき': 0.33173731079189367, 'おすすめ': 0.5658419067690617, 'お答え': 0.3522917231846881, 'か': 0.9286826833551214, 'かね': 0.3522917231846881, 'これ': 0.5856046461543206, 'さいき': 0.4855978846961519, 'する': 0.4126392263172412, 'そう': 0.37631639799825506, 'たいへん': 0.3184104759987289, 'って': 0.6456802806455688, 'という': 0.5542907811457894, 'とか': 0.7715942074654969, 'な': 0.6184958225240206, 'なさ': 0.3627049934006864, 'は': 0.32645861815541266, 'もらっ': 0.41308972855364673, 'やっ': 0.47373207847657056, 'やり': 0.47373207847657056, 'よう': 0.6919314463201558, 'ん': 1.1211980206407148, 'エスエヌエス': 0.4231123992404062, 'ゲーム': 0.39903629790522677, 'テレビ': 0.626974111061216, 'ルンバ': 0.623638385985677, '使っ': 0.36552383026089846, '学生': 0.32560152557407257, '思い': 0.463953510963798, '時': 0.42125574721228803, '時代': 0.32560152557407257, '本当': 0.34632715916372236, '楽器': 0.8766848752839855, '残念': 0.5956248738544933, '演奏': 0.8262514658480086, '漫画': 0.44006534463781954, '番組': 0.32103689016514875, '行き': 0.3298970186105626, '質問': 0.32161326785846406, '邦画': 0.42799676762712735, '面白い': 0.6181052260068439, '食べもの': 0.6364207390661766, '．': 1.0992736782849701, ')|(': 0.4969828522344461, '-': 0.7425515814768769, 'D': 0.6760001126271399, 'あんまり': 0.5888347528965585, 'あー': 0.30900028345946634, 'いや': 0.6746864175677214, 'うーん': 0.822843923998707, 'え': 0.7270844644983294, 'ええ': 0.5406150854739415, 'こと': 0.3363209847215488, 'ごめん': 0.7328680066453056, 'ごめんなさい': 0.7612737417654726, 'しゃぶしゃぶ': 0.5203369070090199, 'すいません': 0.388615547647647, 'そういう': 0.3455635439601818, 'ちょっと': 0.847355139744002, 'っけ': 0.3073274533699466, 'でし': 0.6440383807984844, 'です': 0.5001559775949533, 'とき': 0.3681069541117927, 'どこ': 0.4746485737602189, 'どんな': 0.5503167017660195, 'ない': 2.9831414692052842, 'にくかっ': 0.5522289273877553, 'へー': 0.41890218368120347, 'ほとんど': 0.4822838382815728, 'ませ': 1.4135113496210183, 'もう': 0.33417403296216497, 'ゆっくり': 0.4502344960168834, 'オリンピック': 0.5878387406561998, '今': 0.3820859646418606, '何': 0.5471623618424045, '全然': 0.669790949002059, '分から': 0.5833672454460126, '分かり': 1.0118789395426946, '別': 0.6361034491677088, '利用': 0.6522606787209547, '名前': 0.4445274973142253, '多分': 0.3268049641396798, '大変': 0.3401702565092549, '学年': 0.4449529322505534, '忘れ': 0.5881428194431005, '思う': 0.5092375812765562, '暇': 0.4094731555766414, '最近': 0.3479725545147741, '特に': 0.8038946295270444, '競技': 0.32153609108678405, '興味': 0.34004628775593815, '行っ': 0.4126070179994173, '見れ': 0.32758565575768095, '覚え': 0.6638033474077479, '通う': 0.41464554995757236, '野球': 0.37817021789663374, '難しい': 0.7173162106938565, 'ＰＴＡ': 0.32501029074155396, 'ＳＮＳ': 0.34272129134521273, 'Ｓｗｉｔｃｈ': 0.43426377241564157}
2023-12-13 16:11:25 - text_classification.py:329 - INFO - Saved weighted dictionary to output/texts/TS_ternary.json
2023-12-13 16:12:01 - text_classification.py:333 - INFO - Initializing...
2023-12-13 16:12:01 - text_classification.py:407 - INFO - args: Namespace(multimodal=False, label='SS_ternary', test_size=0.1, model='logistic', lr=0.0001, batch_size=128, max_epochs=30, patience=2, encoder='tfidf', decomp_dim=0, threshold=0.3, seed=42)
2023-12-13 16:12:01 - text_classification.py:411 - INFO - file_paths: [PosixPath('preprocessed/1902F2001.csv'), PosixPath('preprocessed/1902F4005.csv'), PosixPath('preprocessed/1902M3001.csv'), PosixPath('preprocessed/1902M7002.csv'), PosixPath('preprocessed/1902F4010.csv'), PosixPath('preprocessed/1902M2001.csv'), PosixPath('preprocessed/1902F4003.csv'), PosixPath('preprocessed/1902F3002.csv'), PosixPath('preprocessed/1902F2002.csv'), PosixPath('preprocessed/1902M5003.csv'), PosixPath('preprocessed/1902M4001.csv'), PosixPath('preprocessed/1902F4002.csv'), PosixPath('preprocessed/1902F4006.csv'), PosixPath('preprocessed/1902F4008.csv'), PosixPath('preprocessed/1902F4001.csv'), PosixPath('preprocessed/1902M7001.csv'), PosixPath('preprocessed/1902F4009.csv'), PosixPath('preprocessed/1902F4011.csv'), PosixPath('preprocessed/1902M5001.csv'), PosixPath('preprocessed/1902M4002.csv'), PosixPath('preprocessed/1902F3001.csv'), PosixPath('preprocessed/1902M5002.csv'), PosixPath('preprocessed/1902F6001.csv'), PosixPath('preprocessed/1902F7002.csv'), PosixPath('preprocessed/1902F7003.csv'), PosixPath('preprocessed/1902F7001.csv'), PosixPath('preprocessed/1902F4004.csv'), PosixPath('preprocessed/1902F6002.csv')]
2023-12-13 16:12:02 - text_classification.py:56 - INFO - Fitting TfidfVectorizer...
2023-12-13 16:12:02 - text_classification.py:157 - INFO - utter_embeddings.shape: (2337, 3087)
2023-12-13 16:12:02 - text_classification.py:158 - INFO - labels.shape: (2337,)
2023-12-13 16:12:02 - text_classification.py:276 - INFO - X_train.shape: (2103, 3087)
2023-12-13 16:12:02 - text_classification.py:277 - INFO - X_test.shape: (234, 3087)
2023-12-13 16:12:02 - text_classification.py:278 - INFO - y_train.shape: (2103,)
2023-12-13 16:12:02 - text_classification.py:279 - INFO - y_test.shape: (234,)
2023-12-13 16:12:03 - text_classification.py:314 - INFO - Accuracy: 0.5769230769230769
2023-12-13 16:12:03 - text_classification.py:324 - INFO - Selected features: ['あっ', 'あまり', 'あり', 'いい', 'いき', 'うたう', 'おき', 'かけ', 'ください', 'これ', 'すみません', 'する', 'たのし', 'つまみ', 'で', 'です', 'では', 'という', 'とか', 'どういう', 'ない', 'よ', 'よう', 'エスエヌエス', 'ゲーム', 'チェック', 'ドラマ', '人', '体験', '学校', '少し', '曲', '楽器', '歌っ', '残念', '演奏', '知りあい', '私', '見つかる', '言い', '面白い', '，', '(?', ')|(', '-', 'あまり', 'あんま', 'いただき', 'いや', 'うれしい', 'うーん', 'え', 'おいし', 'おっしゃっ', 'く', 'ください', 'けど', 'こと', 'ごめんなさい', 'しゃぶしゃぶ', 'すいません', 'ずっと', 'ぜ', 'た', 'たま', 'だい', 'って', 'て', 'でし', 'とても', 'どういう', 'どこ', 'どれ', 'どんな', 'ない', 'など', 'なる', 'にくかっ', 'ね', 'ねえ', 'は', 'はい', 'はね', 'ば', 'ばっかり', 'ひばり', 'ぶ', 'まあ', 'まで', 'もう一度', 'ゆ', 'ん', 'んで', 'オリンピック', 'カーペンターズ', 'クラシック', 'クラス', 'サカナクション', 'スポーツ', 'スーパー', 'タイトル', 'ハプニング', 'ハラハラ', 'プール', '上達', '何', '個', '健康', '全然', '出', '北海道', '千里山', '夕食', '外食', '多分', '大丈夫', '大抵', '好き', '学年', '小豆', '店', '思い出せ', '感じ', '時代', '暇つぶし', '曲', '最近', '朝', '来る', '柔道', '梅田', '洋服', '洋食', '湯布院', '美空', '聞い', '聴い', '見れ', '覚え', '解消', '読ま', '週', '部', '阪急', '雑誌', '韓国', '音楽', '頃', '食べ', 'Ａｃｃｅｓｓ', 'ＳＮＳ', 'ＶＢＡ', 'ＺＯＺＯＴＯＷＮ']
2023-12-13 16:12:03 - text_classification.py:325 - INFO - Weighted dictionary: {'あっ': 0.5463159098830987, 'あまり': 0.332011558415315, 'あり': 0.3658460695947825, 'いい': 0.5946936821628332, 'いき': 0.5657360742727287, 'うたう': 0.35029726723583554, 'おき': 0.31324644440434884, 'かけ': 0.3043345862634002, 'ください': 0.4267359342849028, 'これ': 0.35838133781773457, 'すみません': 0.5447536096925184, 'する': 0.4830865579318309, 'たのし': 0.3872206097839042, 'つまみ': 0.3665584440298005, 'で': 0.3248286538034443, 'です': 0.37384581450313986, 'では': 0.5090099989247876, 'という': 0.3916497486794152, 'とか': 0.312892867903075, 'どういう': 0.47680407042184947, 'ない': 1.5130171308412999, 'よ': 0.40882886898499315, 'よう': 0.3091966081856123, 'エスエヌエス': 0.458034717338454, 'ゲーム': 0.45031850554879843, 'チェック': 0.31324644440434884, 'ドラマ': 0.38566666640939035, '人': 0.3766851150975273, '体験': 0.30256806630079575, '学校': 0.3893729010588108, '少し': 0.3734120547572306, '曲': 0.5769427672040403, '楽器': 0.8322498027560596, '歌っ': 0.42707371989417675, '残念': 0.35213514734636775, '演奏': 0.9018290717691781, '知りあい': 0.30590583288660333, '私': 0.33639120968180075, '見つかる': 0.39765242581023036, '言い': 0.39179804646259264, '面白い': 1.19107353806146, '，': 0.3646203467271066, '(?': 0.3736995159131607, ')|(': 0.9329188541281868, '-': 0.605520181435788, 'あんま': 0.4212403684270849, 'いただき': 0.35767577070972495, 'いや': 0.4895751215080656, 'うれしい': 0.32805942088983436, 'うーん': 0.4519449228616682, 'え': 0.6644152613094098, 'おいし': 0.344356916778183, 'おっしゃっ': 0.46068192720820383, 'く': 0.31098611174475704, 'けど': 0.6860342239307966, 'こと': 0.30661954553259246, 'ごめんなさい': 1.1535259766471173, 'しゃぶしゃぶ': 0.6042342876945255, 'すいません': 0.7527213107293548, 'ずっと': 0.6071653959761876, 'ぜ': 0.49526065258097923, 'た': 0.3545739310211057, 'たま': 0.542120890552629, 'だい': 0.3553291261876934, 'って': 0.4706385614654729, 'て': 0.3009682560901445, 'でし': 0.47442859853168406, 'とても': 0.6806625416002855, 'どこ': 0.4282097571101988, 'どれ': 0.5212096912670562, 'どんな': 0.8399666342397908, 'など': 0.6590579355665978, 'なる': 0.4200243182010957, 'にくかっ': 0.6112673405144953, 'ね': 0.7083264285488337, 'ねえ': 0.31396658086808715, 'は': 0.5200418487686208, 'はい': 0.4767774879544683, 'はね': 0.7594226215528892, 'ば': 0.3889876691498462, 'ばっかり': 0.3555117730102465, 'ひばり': 0.40804394762989504, 'ぶ': 0.40329025428113224, 'まあ': 0.6645270815110282, 'まで': 0.5236179336202623, 'もう一度': 1.3455025540207561, 'ゆ': 0.4137552854095977, 'ん': 0.5940252297220294, 'んで': 0.3326919712490177, 'オリンピック': 0.42570556835965756, 'カーペンターズ': 0.31510213443185625, 'クラシック': 0.4302895483043683, 'クラス': 0.322991461860919, 'サカナクション': 0.3583650047298742, 'スポーツ': 0.5139010317876155, 'スーパー': 0.3338554497592218, 'タイトル': 0.3396677424014841, 'ハプニング': 0.9940507555917344, 'ハラハラ': 0.5647539417074344, 'プール': 0.390841023019027, '上達': 0.3089046859906794, '何': 0.45457448689040963, '個': 0.6019922068546776, '健康': 0.3769592107480186, '全然': 0.5601010415279342, '出': 0.5429403218045772, '北海道': 0.40758879420203353, '千里山': 0.3626166686128353, '夕食': 0.30808827604971717, '外食': 0.3910210385269673, '多分': 0.38763512673640776, '大丈夫': 0.4520214292661569, '大抵': 0.4131060995810237, '好き': 0.5387737978708547, '学年': 0.6008304603852073, '小豆': 0.5688402124536017, '店': 0.4041883132000308, '思い出せ': 0.3170664353434582, '感じ': 0.536387228371901, '時代': 0.3225917240226043, '暇つぶし': 0.48175911467580484, '最近': 0.5555328780716905, '朝': 0.35087160602688766, '来る': 0.4660669307377223, '柔道': 0.3344467894063733, '梅田': 0.3380929664030103, '洋服': 0.5307401344333001, '洋食': 0.4928873724715275, '湯布院': 0.34204096945982715, '美空': 0.40804394762989504, '聞い': 0.37966375007947895, '聴い': 1.1542352064040213, '見れ': 0.3604098076884444, '覚え': 0.315520405978013, '解消': 0.39714945659777307, '読ま': 0.3994671738666604, '週': 0.4775930681398987, '部': 0.35530183230013934, '阪急': 0.40587793493564345, '雑誌': 0.3297326050929282, '韓国': 0.9959327021390955, '音楽': 0.4494892376881468, '頃': 0.4179427421980582, '食べ': 0.590062921258476, 'Ａｃｃｅｓｓ': 0.4277181139797049, 'ＳＮＳ': 0.4963217214427595, 'ＶＢＡ': 0.4277181139797049, 'ＺＯＺＯＴＯＷＮ': 0.43080680738691435}
2023-12-13 16:12:03 - text_classification.py:329 - INFO - Saved weighted dictionary to output/texts/SS_ternary.json
2023-12-13 16:18:18 - text_classification.py:333 - INFO - Initializing...
2023-12-13 16:18:18 - text_classification.py:407 - INFO - args: Namespace(multimodal=False, label='TS_ternary', test_size=0.1, model='nn', lr=0.001, batch_size=128, max_epochs=30, patience=2, encoder='tfidf', decomp_dim=0, threshold=0.3, seed=42)
2023-12-13 16:18:18 - text_classification.py:411 - INFO - file_paths: [PosixPath('preprocessed/1902F2001.csv'), PosixPath('preprocessed/1902F4005.csv'), PosixPath('preprocessed/1902M3001.csv'), PosixPath('preprocessed/1902M7002.csv'), PosixPath('preprocessed/1902F4010.csv'), PosixPath('preprocessed/1902M2001.csv'), PosixPath('preprocessed/1902F4003.csv'), PosixPath('preprocessed/1902F3002.csv'), PosixPath('preprocessed/1902F2002.csv'), PosixPath('preprocessed/1902M5003.csv'), PosixPath('preprocessed/1902M4001.csv'), PosixPath('preprocessed/1902F4002.csv'), PosixPath('preprocessed/1902F4006.csv'), PosixPath('preprocessed/1902F4008.csv'), PosixPath('preprocessed/1902F4001.csv'), PosixPath('preprocessed/1902M7001.csv'), PosixPath('preprocessed/1902F4009.csv'), PosixPath('preprocessed/1902F4011.csv'), PosixPath('preprocessed/1902M5001.csv'), PosixPath('preprocessed/1902M4002.csv'), PosixPath('preprocessed/1902F3001.csv'), PosixPath('preprocessed/1902M5002.csv'), PosixPath('preprocessed/1902F6001.csv'), PosixPath('preprocessed/1902F7002.csv'), PosixPath('preprocessed/1902F7003.csv'), PosixPath('preprocessed/1902F7001.csv'), PosixPath('preprocessed/1902F4004.csv'), PosixPath('preprocessed/1902F6002.csv')]
2023-12-13 16:18:19 - text_classification.py:56 - INFO - Fitting TfidfVectorizer...
2023-12-13 16:18:19 - text_classification.py:157 - INFO - utter_embeddings.shape: (2337, 3087)
2023-12-13 16:18:19 - text_classification.py:158 - INFO - labels.shape: (2337,)
2023-12-13 16:18:19 - text_classification.py:276 - INFO - X_train.shape: (2103, 3087)
2023-12-13 16:18:19 - text_classification.py:277 - INFO - X_test.shape: (234, 3087)
2023-12-13 16:18:19 - text_classification.py:278 - INFO - y_train.shape: (2103,)
2023-12-13 16:18:19 - text_classification.py:279 - INFO - y_test.shape: (234,)
2023-12-13 16:18:19 - text_classification.py:200 - INFO - Creating dataloader...
2023-12-13 16:18:19 - text_classification.py:200 - INFO - Creating dataloader...
2023-12-13 16:18:19 - text_classification.py:200 - INFO - Creating dataloader...
2023-12-13 16:18:19 - text_classification.py:244 - INFO - Training the model...
2023-12-13 16:18:59 - text_classification.py:247 - INFO - Testing the model...
2023-12-13 16:18:59 - text_classification.py:314 - INFO - Accuracy: [{'test_loss': 0.7744170427322388, 'test_f1': 0.39273085815313485}]
2023-12-13 16:19:12 - text_classification.py:333 - INFO - Initializing...
2023-12-13 16:19:12 - text_classification.py:407 - INFO - args: Namespace(multimodal=False, label='SS_ternary', test_size=0.1, model='nn', lr=0.001, batch_size=128, max_epochs=30, patience=2, encoder='tfidf', decomp_dim=0, threshold=0.3, seed=42)
2023-12-13 16:19:12 - text_classification.py:411 - INFO - file_paths: [PosixPath('preprocessed/1902F2001.csv'), PosixPath('preprocessed/1902F4005.csv'), PosixPath('preprocessed/1902M3001.csv'), PosixPath('preprocessed/1902M7002.csv'), PosixPath('preprocessed/1902F4010.csv'), PosixPath('preprocessed/1902M2001.csv'), PosixPath('preprocessed/1902F4003.csv'), PosixPath('preprocessed/1902F3002.csv'), PosixPath('preprocessed/1902F2002.csv'), PosixPath('preprocessed/1902M5003.csv'), PosixPath('preprocessed/1902M4001.csv'), PosixPath('preprocessed/1902F4002.csv'), PosixPath('preprocessed/1902F4006.csv'), PosixPath('preprocessed/1902F4008.csv'), PosixPath('preprocessed/1902F4001.csv'), PosixPath('preprocessed/1902M7001.csv'), PosixPath('preprocessed/1902F4009.csv'), PosixPath('preprocessed/1902F4011.csv'), PosixPath('preprocessed/1902M5001.csv'), PosixPath('preprocessed/1902M4002.csv'), PosixPath('preprocessed/1902F3001.csv'), PosixPath('preprocessed/1902M5002.csv'), PosixPath('preprocessed/1902F6001.csv'), PosixPath('preprocessed/1902F7002.csv'), PosixPath('preprocessed/1902F7003.csv'), PosixPath('preprocessed/1902F7001.csv'), PosixPath('preprocessed/1902F4004.csv'), PosixPath('preprocessed/1902F6002.csv')]
2023-12-13 16:19:13 - text_classification.py:56 - INFO - Fitting TfidfVectorizer...
2023-12-13 16:19:13 - text_classification.py:157 - INFO - utter_embeddings.shape: (2337, 3087)
2023-12-13 16:19:13 - text_classification.py:158 - INFO - labels.shape: (2337,)
2023-12-13 16:19:13 - text_classification.py:276 - INFO - X_train.shape: (2103, 3087)
2023-12-13 16:19:13 - text_classification.py:277 - INFO - X_test.shape: (234, 3087)
2023-12-13 16:19:13 - text_classification.py:278 - INFO - y_train.shape: (2103,)
2023-12-13 16:19:13 - text_classification.py:279 - INFO - y_test.shape: (234,)
2023-12-13 16:19:13 - text_classification.py:200 - INFO - Creating dataloader...
2023-12-13 16:19:13 - text_classification.py:200 - INFO - Creating dataloader...
2023-12-13 16:19:13 - text_classification.py:200 - INFO - Creating dataloader...
2023-12-13 16:19:14 - text_classification.py:244 - INFO - Training the model...
2023-12-13 16:19:34 - text_classification.py:247 - INFO - Testing the model...
2023-12-13 16:19:35 - text_classification.py:314 - INFO - Accuracy: [{'test_loss': 1.0087100267410278, 'test_f1': 0.3365491807731914}]
2023-12-13 16:56:51 - text_classification.py:333 - INFO - Initializing...
2023-12-13 16:56:51 - text_classification.py:407 - INFO - args: Namespace(multimodal=False, label='SS_ternary', test_size=0.1, model='nn', lr=0.001, batch_size=128, max_epochs=30, patience=2, encoder='tfidf', decomp_dim=100, threshold=0.3, seed=42)
2023-12-13 16:56:51 - text_classification.py:411 - INFO - file_paths: [PosixPath('preprocessed/1902F2001.csv'), PosixPath('preprocessed/1902F4005.csv'), PosixPath('preprocessed/1902M3001.csv'), PosixPath('preprocessed/1902M7002.csv'), PosixPath('preprocessed/1902F4010.csv'), PosixPath('preprocessed/1902M2001.csv'), PosixPath('preprocessed/1902F4003.csv'), PosixPath('preprocessed/1902F3002.csv'), PosixPath('preprocessed/1902F2002.csv'), PosixPath('preprocessed/1902M5003.csv'), PosixPath('preprocessed/1902M4001.csv'), PosixPath('preprocessed/1902F4002.csv'), PosixPath('preprocessed/1902F4006.csv'), PosixPath('preprocessed/1902F4008.csv'), PosixPath('preprocessed/1902F4001.csv'), PosixPath('preprocessed/1902M7001.csv'), PosixPath('preprocessed/1902F4009.csv'), PosixPath('preprocessed/1902F4011.csv'), PosixPath('preprocessed/1902M5001.csv'), PosixPath('preprocessed/1902M4002.csv'), PosixPath('preprocessed/1902F3001.csv'), PosixPath('preprocessed/1902M5002.csv'), PosixPath('preprocessed/1902F6001.csv'), PosixPath('preprocessed/1902F7002.csv'), PosixPath('preprocessed/1902F7003.csv'), PosixPath('preprocessed/1902F7001.csv'), PosixPath('preprocessed/1902F4004.csv'), PosixPath('preprocessed/1902F6002.csv')]
2023-12-13 16:56:52 - text_classification.py:56 - INFO - Fitting TfidfVectorizer...
2023-12-13 16:56:52 - text_classification.py:85 - INFO - Fitting TruncatedSVD...
2023-12-13 16:56:52 - text_classification.py:157 - INFO - utter_embeddings.shape: (2337, 200)
2023-12-13 16:56:52 - text_classification.py:158 - INFO - labels.shape: (2337,)
2023-12-13 16:56:52 - text_classification.py:276 - INFO - X_train.shape: (2103, 200)
2023-12-13 16:56:52 - text_classification.py:277 - INFO - X_test.shape: (234, 200)
2023-12-13 16:56:52 - text_classification.py:278 - INFO - y_train.shape: (2103,)
2023-12-13 16:56:52 - text_classification.py:279 - INFO - y_test.shape: (234,)
2023-12-13 16:56:52 - text_classification.py:200 - INFO - Creating dataloader...
2023-12-13 16:56:52 - text_classification.py:200 - INFO - Creating dataloader...
2023-12-13 16:56:52 - text_classification.py:200 - INFO - Creating dataloader...
2023-12-13 16:56:53 - text_classification.py:244 - INFO - Training the model...
2023-12-13 16:57:10 - text_classification.py:247 - INFO - Testing the model...
2023-12-13 16:57:10 - text_classification.py:314 - INFO - Accuracy: [{'test_loss': 1.0093270540237427, 'test_f1': 0.3363370332544448}]
2023-12-13 16:57:33 - text_classification.py:333 - INFO - Initializing...
2023-12-13 16:57:33 - text_classification.py:407 - INFO - args: Namespace(multimodal=False, label='TS_ternary', test_size=0.1, model='nn', lr=0.001, batch_size=128, max_epochs=30, patience=2, encoder='tfidf', decomp_dim=100, threshold=0.3, seed=42)
2023-12-13 16:57:33 - text_classification.py:411 - INFO - file_paths: [PosixPath('preprocessed/1902F2001.csv'), PosixPath('preprocessed/1902F4005.csv'), PosixPath('preprocessed/1902M3001.csv'), PosixPath('preprocessed/1902M7002.csv'), PosixPath('preprocessed/1902F4010.csv'), PosixPath('preprocessed/1902M2001.csv'), PosixPath('preprocessed/1902F4003.csv'), PosixPath('preprocessed/1902F3002.csv'), PosixPath('preprocessed/1902F2002.csv'), PosixPath('preprocessed/1902M5003.csv'), PosixPath('preprocessed/1902M4001.csv'), PosixPath('preprocessed/1902F4002.csv'), PosixPath('preprocessed/1902F4006.csv'), PosixPath('preprocessed/1902F4008.csv'), PosixPath('preprocessed/1902F4001.csv'), PosixPath('preprocessed/1902M7001.csv'), PosixPath('preprocessed/1902F4009.csv'), PosixPath('preprocessed/1902F4011.csv'), PosixPath('preprocessed/1902M5001.csv'), PosixPath('preprocessed/1902M4002.csv'), PosixPath('preprocessed/1902F3001.csv'), PosixPath('preprocessed/1902M5002.csv'), PosixPath('preprocessed/1902F6001.csv'), PosixPath('preprocessed/1902F7002.csv'), PosixPath('preprocessed/1902F7003.csv'), PosixPath('preprocessed/1902F7001.csv'), PosixPath('preprocessed/1902F4004.csv'), PosixPath('preprocessed/1902F6002.csv')]
2023-12-13 16:57:34 - text_classification.py:56 - INFO - Fitting TfidfVectorizer...
2023-12-13 16:57:34 - text_classification.py:85 - INFO - Fitting TruncatedSVD...
2023-12-13 16:57:35 - text_classification.py:157 - INFO - utter_embeddings.shape: (2337, 200)
2023-12-13 16:57:35 - text_classification.py:158 - INFO - labels.shape: (2337,)
2023-12-13 16:57:35 - text_classification.py:276 - INFO - X_train.shape: (2103, 200)
2023-12-13 16:57:35 - text_classification.py:277 - INFO - X_test.shape: (234, 200)
2023-12-13 16:57:35 - text_classification.py:278 - INFO - y_train.shape: (2103,)
2023-12-13 16:57:35 - text_classification.py:279 - INFO - y_test.shape: (234,)
2023-12-13 16:57:35 - text_classification.py:200 - INFO - Creating dataloader...
2023-12-13 16:57:35 - text_classification.py:200 - INFO - Creating dataloader...
2023-12-13 16:57:35 - text_classification.py:200 - INFO - Creating dataloader...
2023-12-13 16:57:35 - text_classification.py:244 - INFO - Training the model...
2023-12-13 16:58:10 - text_classification.py:247 - INFO - Testing the model...
2023-12-13 16:58:10 - text_classification.py:314 - INFO - Accuracy: [{'test_loss': 0.784412145614624, 'test_f1': 0.3702505565173753}]
2023-12-13 16:58:25 - text_classification.py:333 - INFO - Initializing...
2023-12-13 16:58:25 - text_classification.py:407 - INFO - args: Namespace(multimodal=True, label='TS_ternary', test_size=0.1, model='nn', lr=0.001, batch_size=128, max_epochs=30, patience=2, encoder='tfidf', decomp_dim=100, threshold=0.3, seed=42)
2023-12-13 16:58:25 - text_classification.py:411 - INFO - file_paths: [PosixPath('preprocessed/1902F2001.csv'), PosixPath('preprocessed/1902F4005.csv'), PosixPath('preprocessed/1902M3001.csv'), PosixPath('preprocessed/1902M7002.csv'), PosixPath('preprocessed/1902F4010.csv'), PosixPath('preprocessed/1902M2001.csv'), PosixPath('preprocessed/1902F4003.csv'), PosixPath('preprocessed/1902F3002.csv'), PosixPath('preprocessed/1902F2002.csv'), PosixPath('preprocessed/1902M5003.csv'), PosixPath('preprocessed/1902M4001.csv'), PosixPath('preprocessed/1902F4002.csv'), PosixPath('preprocessed/1902F4006.csv'), PosixPath('preprocessed/1902F4008.csv'), PosixPath('preprocessed/1902F4001.csv'), PosixPath('preprocessed/1902M7001.csv'), PosixPath('preprocessed/1902F4009.csv'), PosixPath('preprocessed/1902F4011.csv'), PosixPath('preprocessed/1902M5001.csv'), PosixPath('preprocessed/1902M4002.csv'), PosixPath('preprocessed/1902F3001.csv'), PosixPath('preprocessed/1902M5002.csv'), PosixPath('preprocessed/1902F6001.csv'), PosixPath('preprocessed/1902F7002.csv'), PosixPath('preprocessed/1902F7003.csv'), PosixPath('preprocessed/1902F7001.csv'), PosixPath('preprocessed/1902F4004.csv'), PosixPath('preprocessed/1902F6002.csv')]
2023-12-13 16:58:26 - text_classification.py:56 - INFO - Fitting TfidfVectorizer...
2023-12-13 16:58:26 - text_classification.py:85 - INFO - Fitting TruncatedSVD...
2023-12-13 16:58:26 - text_classification.py:190 - INFO - utter_embeddings.shape: (2337, 200)
2023-12-13 16:58:26 - text_classification.py:191 - INFO - labels.shape: (2337,)
2023-12-13 16:58:26 - text_classification.py:276 - INFO - X_train.shape: (2103, 312)
2023-12-13 16:58:26 - text_classification.py:277 - INFO - X_test.shape: (234, 312)
2023-12-13 16:58:26 - text_classification.py:278 - INFO - y_train.shape: (2103,)
2023-12-13 16:58:26 - text_classification.py:279 - INFO - y_test.shape: (234,)
2023-12-13 16:58:26 - text_classification.py:200 - INFO - Creating dataloader...
2023-12-13 16:58:26 - text_classification.py:200 - INFO - Creating dataloader...
2023-12-13 16:58:26 - text_classification.py:200 - INFO - Creating dataloader...
2023-12-13 16:58:27 - text_classification.py:244 - INFO - Training the model...
2023-12-13 16:58:37 - text_classification.py:247 - INFO - Testing the model...
2023-12-13 16:58:38 - text_classification.py:314 - INFO - Accuracy: [{'test_loss': 4.6151580810546875, 'test_f1': 0.43980722343054585}]
2023-12-13 16:58:49 - text_classification.py:333 - INFO - Initializing...
2023-12-13 16:58:49 - text_classification.py:407 - INFO - args: Namespace(multimodal=True, label='SS_ternary', test_size=0.1, model='nn', lr=0.001, batch_size=128, max_epochs=30, patience=2, encoder='tfidf', decomp_dim=100, threshold=0.3, seed=42)
2023-12-13 16:58:49 - text_classification.py:411 - INFO - file_paths: [PosixPath('preprocessed/1902F2001.csv'), PosixPath('preprocessed/1902F4005.csv'), PosixPath('preprocessed/1902M3001.csv'), PosixPath('preprocessed/1902M7002.csv'), PosixPath('preprocessed/1902F4010.csv'), PosixPath('preprocessed/1902M2001.csv'), PosixPath('preprocessed/1902F4003.csv'), PosixPath('preprocessed/1902F3002.csv'), PosixPath('preprocessed/1902F2002.csv'), PosixPath('preprocessed/1902M5003.csv'), PosixPath('preprocessed/1902M4001.csv'), PosixPath('preprocessed/1902F4002.csv'), PosixPath('preprocessed/1902F4006.csv'), PosixPath('preprocessed/1902F4008.csv'), PosixPath('preprocessed/1902F4001.csv'), PosixPath('preprocessed/1902M7001.csv'), PosixPath('preprocessed/1902F4009.csv'), PosixPath('preprocessed/1902F4011.csv'), PosixPath('preprocessed/1902M5001.csv'), PosixPath('preprocessed/1902M4002.csv'), PosixPath('preprocessed/1902F3001.csv'), PosixPath('preprocessed/1902M5002.csv'), PosixPath('preprocessed/1902F6001.csv'), PosixPath('preprocessed/1902F7002.csv'), PosixPath('preprocessed/1902F7003.csv'), PosixPath('preprocessed/1902F7001.csv'), PosixPath('preprocessed/1902F4004.csv'), PosixPath('preprocessed/1902F6002.csv')]
2023-12-13 16:58:49 - text_classification.py:56 - INFO - Fitting TfidfVectorizer...
2023-12-13 16:58:49 - text_classification.py:85 - INFO - Fitting TruncatedSVD...
2023-12-13 16:58:50 - text_classification.py:190 - INFO - utter_embeddings.shape: (2337, 200)
2023-12-13 16:58:50 - text_classification.py:191 - INFO - labels.shape: (2337,)
2023-12-13 16:58:50 - text_classification.py:276 - INFO - X_train.shape: (2103, 312)
2023-12-13 16:58:50 - text_classification.py:277 - INFO - X_test.shape: (234, 312)
2023-12-13 16:58:50 - text_classification.py:278 - INFO - y_train.shape: (2103,)
2023-12-13 16:58:50 - text_classification.py:279 - INFO - y_test.shape: (234,)
2023-12-13 16:58:50 - text_classification.py:200 - INFO - Creating dataloader...
2023-12-13 16:58:50 - text_classification.py:200 - INFO - Creating dataloader...
2023-12-13 16:58:50 - text_classification.py:200 - INFO - Creating dataloader...
2023-12-13 16:58:50 - text_classification.py:244 - INFO - Training the model...
2023-12-13 16:59:02 - text_classification.py:247 - INFO - Testing the model...
2023-12-13 16:59:03 - text_classification.py:314 - INFO - Accuracy: [{'test_loss': 3.4375784397125244, 'test_f1': 0.27745985835903725}]
2023-12-13 16:59:22 - text_classification.py:333 - INFO - Initializing...
2023-12-13 16:59:22 - text_classification.py:407 - INFO - args: Namespace(multimodal=True, label='SS_ternary', test_size=0.1, model='nn', lr=0.0001, batch_size=128, max_epochs=30, patience=2, encoder='tfidf', decomp_dim=100, threshold=0.3, seed=42)
2023-12-13 16:59:22 - text_classification.py:411 - INFO - file_paths: [PosixPath('preprocessed/1902F2001.csv'), PosixPath('preprocessed/1902F4005.csv'), PosixPath('preprocessed/1902M3001.csv'), PosixPath('preprocessed/1902M7002.csv'), PosixPath('preprocessed/1902F4010.csv'), PosixPath('preprocessed/1902M2001.csv'), PosixPath('preprocessed/1902F4003.csv'), PosixPath('preprocessed/1902F3002.csv'), PosixPath('preprocessed/1902F2002.csv'), PosixPath('preprocessed/1902M5003.csv'), PosixPath('preprocessed/1902M4001.csv'), PosixPath('preprocessed/1902F4002.csv'), PosixPath('preprocessed/1902F4006.csv'), PosixPath('preprocessed/1902F4008.csv'), PosixPath('preprocessed/1902F4001.csv'), PosixPath('preprocessed/1902M7001.csv'), PosixPath('preprocessed/1902F4009.csv'), PosixPath('preprocessed/1902F4011.csv'), PosixPath('preprocessed/1902M5001.csv'), PosixPath('preprocessed/1902M4002.csv'), PosixPath('preprocessed/1902F3001.csv'), PosixPath('preprocessed/1902M5002.csv'), PosixPath('preprocessed/1902F6001.csv'), PosixPath('preprocessed/1902F7002.csv'), PosixPath('preprocessed/1902F7003.csv'), PosixPath('preprocessed/1902F7001.csv'), PosixPath('preprocessed/1902F4004.csv'), PosixPath('preprocessed/1902F6002.csv')]
2023-12-13 16:59:23 - text_classification.py:56 - INFO - Fitting TfidfVectorizer...
2023-12-13 16:59:24 - text_classification.py:85 - INFO - Fitting TruncatedSVD...
2023-12-13 16:59:24 - text_classification.py:190 - INFO - utter_embeddings.shape: (2337, 200)
2023-12-13 16:59:24 - text_classification.py:191 - INFO - labels.shape: (2337,)
2023-12-13 16:59:24 - text_classification.py:276 - INFO - X_train.shape: (2103, 312)
2023-12-13 16:59:24 - text_classification.py:277 - INFO - X_test.shape: (234, 312)
2023-12-13 16:59:24 - text_classification.py:278 - INFO - y_train.shape: (2103,)
2023-12-13 16:59:24 - text_classification.py:279 - INFO - y_test.shape: (234,)
2023-12-13 16:59:24 - text_classification.py:200 - INFO - Creating dataloader...
2023-12-13 16:59:24 - text_classification.py:200 - INFO - Creating dataloader...
2023-12-13 16:59:24 - text_classification.py:200 - INFO - Creating dataloader...
2023-12-13 16:59:25 - text_classification.py:244 - INFO - Training the model...
2023-12-13 17:00:02 - text_classification.py:247 - INFO - Testing the model...
2023-12-13 17:00:03 - text_classification.py:314 - INFO - Accuracy: [{'test_loss': 1.4710241556167603, 'test_f1': 0.3974906077556354}]
2023-12-13 17:00:25 - text_classification.py:333 - INFO - Initializing...
2023-12-13 17:00:25 - text_classification.py:407 - INFO - args: Namespace(multimodal=True, label='TS_ternary', test_size=0.1, model='nn', lr=0.0001, batch_size=128, max_epochs=30, patience=2, encoder='tfidf', decomp_dim=100, threshold=0.3, seed=42)
2023-12-13 17:00:25 - text_classification.py:411 - INFO - file_paths: [PosixPath('preprocessed/1902F2001.csv'), PosixPath('preprocessed/1902F4005.csv'), PosixPath('preprocessed/1902M3001.csv'), PosixPath('preprocessed/1902M7002.csv'), PosixPath('preprocessed/1902F4010.csv'), PosixPath('preprocessed/1902M2001.csv'), PosixPath('preprocessed/1902F4003.csv'), PosixPath('preprocessed/1902F3002.csv'), PosixPath('preprocessed/1902F2002.csv'), PosixPath('preprocessed/1902M5003.csv'), PosixPath('preprocessed/1902M4001.csv'), PosixPath('preprocessed/1902F4002.csv'), PosixPath('preprocessed/1902F4006.csv'), PosixPath('preprocessed/1902F4008.csv'), PosixPath('preprocessed/1902F4001.csv'), PosixPath('preprocessed/1902M7001.csv'), PosixPath('preprocessed/1902F4009.csv'), PosixPath('preprocessed/1902F4011.csv'), PosixPath('preprocessed/1902M5001.csv'), PosixPath('preprocessed/1902M4002.csv'), PosixPath('preprocessed/1902F3001.csv'), PosixPath('preprocessed/1902M5002.csv'), PosixPath('preprocessed/1902F6001.csv'), PosixPath('preprocessed/1902F7002.csv'), PosixPath('preprocessed/1902F7003.csv'), PosixPath('preprocessed/1902F7001.csv'), PosixPath('preprocessed/1902F4004.csv'), PosixPath('preprocessed/1902F6002.csv')]
2023-12-13 17:00:26 - text_classification.py:56 - INFO - Fitting TfidfVectorizer...
2023-12-13 17:00:26 - text_classification.py:85 - INFO - Fitting TruncatedSVD...
2023-12-13 17:00:26 - text_classification.py:190 - INFO - utter_embeddings.shape: (2337, 200)
2023-12-13 17:00:26 - text_classification.py:191 - INFO - labels.shape: (2337,)
2023-12-13 17:00:26 - text_classification.py:276 - INFO - X_train.shape: (2103, 312)
2023-12-13 17:00:26 - text_classification.py:277 - INFO - X_test.shape: (234, 312)
2023-12-13 17:00:26 - text_classification.py:278 - INFO - y_train.shape: (2103,)
2023-12-13 17:00:26 - text_classification.py:279 - INFO - y_test.shape: (234,)
2023-12-13 17:00:26 - text_classification.py:200 - INFO - Creating dataloader...
2023-12-13 17:00:26 - text_classification.py:200 - INFO - Creating dataloader...
2023-12-13 17:00:26 - text_classification.py:200 - INFO - Creating dataloader...
2023-12-13 17:00:27 - text_classification.py:244 - INFO - Training the model...
2023-12-13 17:00:55 - text_classification.py:247 - INFO - Testing the model...
2023-12-13 17:00:56 - text_classification.py:314 - INFO - Accuracy: [{'test_loss': 1.7093424797058105, 'test_f1': 0.4729202461384766}]
2023-12-13 17:02:02 - text_classification.py:333 - INFO - Initializing...
2023-12-13 17:02:02 - text_classification.py:407 - INFO - args: Namespace(multimodal=False, label='TS_ternary', test_size=0.1, model='nn', lr=0.0001, batch_size=128, max_epochs=30, patience=2, encoder='tfidf', decomp_dim=100, threshold=0.3, seed=42)
2023-12-13 17:02:02 - text_classification.py:411 - INFO - file_paths: [PosixPath('preprocessed/1902F2001.csv'), PosixPath('preprocessed/1902F4005.csv'), PosixPath('preprocessed/1902M3001.csv'), PosixPath('preprocessed/1902M7002.csv'), PosixPath('preprocessed/1902F4010.csv'), PosixPath('preprocessed/1902M2001.csv'), PosixPath('preprocessed/1902F4003.csv'), PosixPath('preprocessed/1902F3002.csv'), PosixPath('preprocessed/1902F2002.csv'), PosixPath('preprocessed/1902M5003.csv'), PosixPath('preprocessed/1902M4001.csv'), PosixPath('preprocessed/1902F4002.csv'), PosixPath('preprocessed/1902F4006.csv'), PosixPath('preprocessed/1902F4008.csv'), PosixPath('preprocessed/1902F4001.csv'), PosixPath('preprocessed/1902M7001.csv'), PosixPath('preprocessed/1902F4009.csv'), PosixPath('preprocessed/1902F4011.csv'), PosixPath('preprocessed/1902M5001.csv'), PosixPath('preprocessed/1902M4002.csv'), PosixPath('preprocessed/1902F3001.csv'), PosixPath('preprocessed/1902M5002.csv'), PosixPath('preprocessed/1902F6001.csv'), PosixPath('preprocessed/1902F7002.csv'), PosixPath('preprocessed/1902F7003.csv'), PosixPath('preprocessed/1902F7001.csv'), PosixPath('preprocessed/1902F4004.csv'), PosixPath('preprocessed/1902F6002.csv')]
2023-12-13 17:02:03 - text_classification.py:56 - INFO - Fitting TfidfVectorizer...
2023-12-13 17:02:03 - text_classification.py:85 - INFO - Fitting TruncatedSVD...
2023-12-13 17:02:03 - text_classification.py:157 - INFO - utter_embeddings.shape: (2337, 200)
2023-12-13 17:02:03 - text_classification.py:158 - INFO - labels.shape: (2337,)
2023-12-13 17:02:03 - text_classification.py:276 - INFO - X_train.shape: (2103, 200)
2023-12-13 17:02:03 - text_classification.py:277 - INFO - X_test.shape: (234, 200)
2023-12-13 17:02:03 - text_classification.py:278 - INFO - y_train.shape: (2103,)
2023-12-13 17:02:03 - text_classification.py:279 - INFO - y_test.shape: (234,)
2023-12-13 17:02:03 - text_classification.py:200 - INFO - Creating dataloader...
2023-12-13 17:02:03 - text_classification.py:200 - INFO - Creating dataloader...
2023-12-13 17:02:03 - text_classification.py:200 - INFO - Creating dataloader...
2023-12-13 17:02:04 - text_classification.py:244 - INFO - Training the model...
2023-12-13 17:02:45 - text_classification.py:247 - INFO - Testing the model...
2023-12-13 17:02:46 - text_classification.py:314 - INFO - Accuracy: [{'test_loss': 0.9860591888427734, 'test_f1': 0.3751403166527183}]
2023-12-13 17:02:56 - text_classification.py:333 - INFO - Initializing...
2023-12-13 17:02:56 - text_classification.py:407 - INFO - args: Namespace(multimodal=False, label='SS_ternary', test_size=0.1, model='nn', lr=0.0001, batch_size=128, max_epochs=30, patience=2, encoder='tfidf', decomp_dim=100, threshold=0.3, seed=42)
2023-12-13 17:02:56 - text_classification.py:411 - INFO - file_paths: [PosixPath('preprocessed/1902F2001.csv'), PosixPath('preprocessed/1902F4005.csv'), PosixPath('preprocessed/1902M3001.csv'), PosixPath('preprocessed/1902M7002.csv'), PosixPath('preprocessed/1902F4010.csv'), PosixPath('preprocessed/1902M2001.csv'), PosixPath('preprocessed/1902F4003.csv'), PosixPath('preprocessed/1902F3002.csv'), PosixPath('preprocessed/1902F2002.csv'), PosixPath('preprocessed/1902M5003.csv'), PosixPath('preprocessed/1902M4001.csv'), PosixPath('preprocessed/1902F4002.csv'), PosixPath('preprocessed/1902F4006.csv'), PosixPath('preprocessed/1902F4008.csv'), PosixPath('preprocessed/1902F4001.csv'), PosixPath('preprocessed/1902M7001.csv'), PosixPath('preprocessed/1902F4009.csv'), PosixPath('preprocessed/1902F4011.csv'), PosixPath('preprocessed/1902M5001.csv'), PosixPath('preprocessed/1902M4002.csv'), PosixPath('preprocessed/1902F3001.csv'), PosixPath('preprocessed/1902M5002.csv'), PosixPath('preprocessed/1902F6001.csv'), PosixPath('preprocessed/1902F7002.csv'), PosixPath('preprocessed/1902F7003.csv'), PosixPath('preprocessed/1902F7001.csv'), PosixPath('preprocessed/1902F4004.csv'), PosixPath('preprocessed/1902F6002.csv')]
2023-12-13 17:02:57 - text_classification.py:56 - INFO - Fitting TfidfVectorizer...
2023-12-13 17:02:57 - text_classification.py:85 - INFO - Fitting TruncatedSVD...
2023-12-13 17:02:58 - text_classification.py:157 - INFO - utter_embeddings.shape: (2337, 200)
2023-12-13 17:02:58 - text_classification.py:158 - INFO - labels.shape: (2337,)
2023-12-13 17:02:58 - text_classification.py:276 - INFO - X_train.shape: (2103, 200)
2023-12-13 17:02:58 - text_classification.py:277 - INFO - X_test.shape: (234, 200)
2023-12-13 17:02:58 - text_classification.py:278 - INFO - y_train.shape: (2103,)
2023-12-13 17:02:58 - text_classification.py:279 - INFO - y_test.shape: (234,)
2023-12-13 17:02:58 - text_classification.py:200 - INFO - Creating dataloader...
2023-12-13 17:02:58 - text_classification.py:200 - INFO - Creating dataloader...
2023-12-13 17:02:58 - text_classification.py:200 - INFO - Creating dataloader...
2023-12-13 17:02:58 - text_classification.py:244 - INFO - Training the model...
2023-12-13 17:03:41 - text_classification.py:247 - INFO - Testing the model...
2023-12-13 17:03:41 - text_classification.py:314 - INFO - Accuracy: [{'test_loss': 1.051781415939331, 'test_f1': 0.21558660909807242}]
2023-12-13 17:04:14 - text_classification.py:333 - INFO - Initializing...
2023-12-13 17:04:14 - text_classification.py:407 - INFO - args: Namespace(multimodal=False, label='SS_ternary', test_size=0.1, model='nn', lr=0.0001, batch_size=128, max_epochs=30, patience=2, encoder='tfidf', decomp_dim=500, threshold=0.3, seed=42)
2023-12-13 17:04:14 - text_classification.py:411 - INFO - file_paths: [PosixPath('preprocessed/1902F2001.csv'), PosixPath('preprocessed/1902F4005.csv'), PosixPath('preprocessed/1902M3001.csv'), PosixPath('preprocessed/1902M7002.csv'), PosixPath('preprocessed/1902F4010.csv'), PosixPath('preprocessed/1902M2001.csv'), PosixPath('preprocessed/1902F4003.csv'), PosixPath('preprocessed/1902F3002.csv'), PosixPath('preprocessed/1902F2002.csv'), PosixPath('preprocessed/1902M5003.csv'), PosixPath('preprocessed/1902M4001.csv'), PosixPath('preprocessed/1902F4002.csv'), PosixPath('preprocessed/1902F4006.csv'), PosixPath('preprocessed/1902F4008.csv'), PosixPath('preprocessed/1902F4001.csv'), PosixPath('preprocessed/1902M7001.csv'), PosixPath('preprocessed/1902F4009.csv'), PosixPath('preprocessed/1902F4011.csv'), PosixPath('preprocessed/1902M5001.csv'), PosixPath('preprocessed/1902M4002.csv'), PosixPath('preprocessed/1902F3001.csv'), PosixPath('preprocessed/1902M5002.csv'), PosixPath('preprocessed/1902F6001.csv'), PosixPath('preprocessed/1902F7002.csv'), PosixPath('preprocessed/1902F7003.csv'), PosixPath('preprocessed/1902F7001.csv'), PosixPath('preprocessed/1902F4004.csv'), PosixPath('preprocessed/1902F6002.csv')]
2023-12-13 17:04:15 - text_classification.py:56 - INFO - Fitting TfidfVectorizer...
2023-12-13 17:04:15 - text_classification.py:85 - INFO - Fitting TruncatedSVD...
2023-12-13 17:05:02 - text_classification.py:157 - INFO - utter_embeddings.shape: (2337, 1000)
2023-12-13 17:05:02 - text_classification.py:158 - INFO - labels.shape: (2337,)
2023-12-13 17:05:02 - text_classification.py:276 - INFO - X_train.shape: (2103, 1000)
2023-12-13 17:05:02 - text_classification.py:277 - INFO - X_test.shape: (234, 1000)
2023-12-13 17:05:02 - text_classification.py:278 - INFO - y_train.shape: (2103,)
2023-12-13 17:05:02 - text_classification.py:279 - INFO - y_test.shape: (234,)
2023-12-13 17:05:02 - text_classification.py:200 - INFO - Creating dataloader...
2023-12-13 17:05:02 - text_classification.py:200 - INFO - Creating dataloader...
2023-12-13 17:05:02 - text_classification.py:200 - INFO - Creating dataloader...
2023-12-13 17:05:02 - text_classification.py:244 - INFO - Training the model...
2023-12-13 17:05:43 - text_classification.py:247 - INFO - Testing the model...
2023-12-13 17:05:44 - text_classification.py:314 - INFO - Accuracy: [{'test_loss': 1.0501703023910522, 'test_f1': 0.21563811536929814}]
2023-12-13 17:06:01 - text_classification.py:333 - INFO - Initializing...
2023-12-13 17:06:01 - text_classification.py:407 - INFO - args: Namespace(multimodal=False, label='TS_ternary', test_size=0.1, model='nn', lr=0.0001, batch_size=128, max_epochs=30, patience=2, encoder='tfidf', decomp_dim=500, threshold=0.3, seed=42)
2023-12-13 17:06:01 - text_classification.py:411 - INFO - file_paths: [PosixPath('preprocessed/1902F2001.csv'), PosixPath('preprocessed/1902F4005.csv'), PosixPath('preprocessed/1902M3001.csv'), PosixPath('preprocessed/1902M7002.csv'), PosixPath('preprocessed/1902F4010.csv'), PosixPath('preprocessed/1902M2001.csv'), PosixPath('preprocessed/1902F4003.csv'), PosixPath('preprocessed/1902F3002.csv'), PosixPath('preprocessed/1902F2002.csv'), PosixPath('preprocessed/1902M5003.csv'), PosixPath('preprocessed/1902M4001.csv'), PosixPath('preprocessed/1902F4002.csv'), PosixPath('preprocessed/1902F4006.csv'), PosixPath('preprocessed/1902F4008.csv'), PosixPath('preprocessed/1902F4001.csv'), PosixPath('preprocessed/1902M7001.csv'), PosixPath('preprocessed/1902F4009.csv'), PosixPath('preprocessed/1902F4011.csv'), PosixPath('preprocessed/1902M5001.csv'), PosixPath('preprocessed/1902M4002.csv'), PosixPath('preprocessed/1902F3001.csv'), PosixPath('preprocessed/1902M5002.csv'), PosixPath('preprocessed/1902F6001.csv'), PosixPath('preprocessed/1902F7002.csv'), PosixPath('preprocessed/1902F7003.csv'), PosixPath('preprocessed/1902F7001.csv'), PosixPath('preprocessed/1902F4004.csv'), PosixPath('preprocessed/1902F6002.csv')]
2023-12-13 17:06:02 - text_classification.py:56 - INFO - Fitting TfidfVectorizer...
2023-12-13 17:06:02 - text_classification.py:85 - INFO - Fitting TruncatedSVD...
2023-12-13 17:06:46 - text_classification.py:157 - INFO - utter_embeddings.shape: (2337, 1000)
2023-12-13 17:06:46 - text_classification.py:158 - INFO - labels.shape: (2337,)
2023-12-13 17:06:46 - text_classification.py:276 - INFO - X_train.shape: (2103, 1000)
2023-12-13 17:06:46 - text_classification.py:277 - INFO - X_test.shape: (234, 1000)
2023-12-13 17:06:46 - text_classification.py:278 - INFO - y_train.shape: (2103,)
2023-12-13 17:06:46 - text_classification.py:279 - INFO - y_test.shape: (234,)
2023-12-13 17:06:46 - text_classification.py:200 - INFO - Creating dataloader...
2023-12-13 17:06:46 - text_classification.py:200 - INFO - Creating dataloader...
2023-12-13 17:06:46 - text_classification.py:200 - INFO - Creating dataloader...
2023-12-13 17:06:47 - text_classification.py:244 - INFO - Training the model...
2023-12-13 17:07:28 - text_classification.py:247 - INFO - Testing the model...
2023-12-13 17:07:28 - text_classification.py:314 - INFO - Accuracy: [{'test_loss': 0.9853518605232239, 'test_f1': 0.370006687482553}]
