2023-12-04 00:06:09 - text_classification.py:332 - INFO - Initializing...
2023-12-04 00:06:09 - text_classification.py:401 - INFO - args: Namespace(label='TS_ternary', test_size=0.1, model='nn', lr=0.0001, batch_size=128, max_epochs=30, patience=2, encoder='None', decomp_dim=100, threshold=0.3, seed=42)
2023-12-04 00:06:09 - text_classification.py:273 - INFO - X_train.shape: (2103, 112)
2023-12-04 00:06:09 - text_classification.py:274 - INFO - X_test.shape: (234, 112)
2023-12-04 00:06:09 - text_classification.py:275 - INFO - y_train.shape: (2103,)
2023-12-04 00:06:09 - text_classification.py:276 - INFO - y_test.shape: (234,)
2023-12-04 00:06:33 - text_classification.py:311 - INFO - Accuracy: [{'test_loss': 1.358594536781311, 'test_f1': 0.43738215673797126}]
2023-12-04 00:13:27 - text_classification.py:332 - INFO - Initializing...
2023-12-04 00:13:27 - text_classification.py:401 - INFO - args: Namespace(label='SS_ternary', test_size=0.1, model='nn', lr=0.0001, batch_size=128, max_epochs=30, patience=2, encoder='None', decomp_dim=100, threshold=0.3, seed=42)
2023-12-04 00:13:27 - text_classification.py:405 - INFO - file_paths: [PosixPath('preprocessed/1902M4001.csv'), PosixPath('preprocessed/1902F4011.csv'), PosixPath('preprocessed/1902F7002.csv'), PosixPath('preprocessed/1902M3001.csv'), PosixPath('preprocessed/1902M7002.csv'), PosixPath('preprocessed/1902F7001.csv'), PosixPath('preprocessed/1902F6001.csv'), PosixPath('preprocessed/1902M2001.csv'), PosixPath('preprocessed/1902F4003.csv'), PosixPath('preprocessed/1902F4005.csv'), PosixPath('preprocessed/1902M5003.csv'), PosixPath('preprocessed/1902F4010.csv'), PosixPath('preprocessed/1902M5001.csv'), PosixPath('preprocessed/1902F4008.csv'), PosixPath('preprocessed/1902F4002.csv'), PosixPath('preprocessed/1902F4006.csv'), PosixPath('preprocessed/1902F2001.csv'), PosixPath('preprocessed/1902F7003.csv'), PosixPath('preprocessed/1902F4004.csv'), PosixPath('preprocessed/1902M4002.csv'), PosixPath('preprocessed/1902F4001.csv'), PosixPath('preprocessed/1902M7001.csv'), PosixPath('preprocessed/1902F3002.csv'), PosixPath('preprocessed/1902F2002.csv'), PosixPath('preprocessed/1902F6002.csv'), PosixPath('preprocessed/1902F3001.csv'), PosixPath('preprocessed/1902F4009.csv'), PosixPath('preprocessed/1902M5002.csv')]
2023-12-04 00:13:27 - text_classification.py:273 - INFO - X_train.shape: (2103, 112)
2023-12-04 00:13:27 - text_classification.py:274 - INFO - X_test.shape: (234, 112)
2023-12-04 00:13:27 - text_classification.py:275 - INFO - y_train.shape: (2103,)
2023-12-04 00:13:27 - text_classification.py:276 - INFO - y_test.shape: (234,)
2023-12-04 00:13:49 - text_classification.py:311 - INFO - Accuracy: [{'test_loss': 1.3185200691223145, 'test_f1': 0.32554935627160964}]
2023-12-04 00:20:01 - text_classification.py:335 - INFO - Initializing...
2023-12-04 00:20:01 - text_classification.py:404 - INFO - args: Namespace(label='TS_ternary', test_size=0.1, model='nn', lr=0.0001, batch_size=128, max_epochs=30, patience=2, encoder='tfidf', decomp_dim=100, threshold=0.3, seed=42)
2023-12-04 00:20:01 - text_classification.py:408 - INFO - file_paths: [PosixPath('preprocessed/1902M4001.csv'), PosixPath('preprocessed/1902F4011.csv'), PosixPath('preprocessed/1902F7002.csv'), PosixPath('preprocessed/1902M3001.csv'), PosixPath('preprocessed/1902M7002.csv'), PosixPath('preprocessed/1902F7001.csv'), PosixPath('preprocessed/1902F6001.csv'), PosixPath('preprocessed/1902M2001.csv'), PosixPath('preprocessed/1902F4003.csv'), PosixPath('preprocessed/1902F4005.csv'), PosixPath('preprocessed/1902M5003.csv'), PosixPath('preprocessed/1902F4010.csv'), PosixPath('preprocessed/1902M5001.csv'), PosixPath('preprocessed/1902F4008.csv'), PosixPath('preprocessed/1902F4002.csv'), PosixPath('preprocessed/1902F4006.csv'), PosixPath('preprocessed/1902F2001.csv'), PosixPath('preprocessed/1902F7003.csv'), PosixPath('preprocessed/1902F4004.csv'), PosixPath('preprocessed/1902M4002.csv'), PosixPath('preprocessed/1902F4001.csv'), PosixPath('preprocessed/1902M7001.csv'), PosixPath('preprocessed/1902F3002.csv'), PosixPath('preprocessed/1902F2002.csv'), PosixPath('preprocessed/1902F6002.csv'), PosixPath('preprocessed/1902F3001.csv'), PosixPath('preprocessed/1902F4009.csv'), PosixPath('preprocessed/1902M5002.csv')]
2023-12-04 00:20:01 - text_classification.py:59 - INFO - Fitting TfidfVectorizer...
2023-12-04 00:20:01 - text_classification.py:88 - INFO - Fitting TruncatedSVD...
2023-12-04 00:20:02 - text_classification.py:190 - INFO - utter_embeddings.shape: (2337, 200)
2023-12-04 00:20:02 - text_classification.py:191 - INFO - labels.shape: (2337,)
2023-12-04 00:20:02 - text_classification.py:276 - INFO - X_train.shape: (2103, 312)
2023-12-04 00:20:02 - text_classification.py:277 - INFO - X_test.shape: (234, 312)
2023-12-04 00:20:02 - text_classification.py:278 - INFO - y_train.shape: (2103,)
2023-12-04 00:20:02 - text_classification.py:279 - INFO - y_test.shape: (234,)
2023-12-04 00:20:02 - text_classification.py:200 - INFO - Creating dataloader...
2023-12-04 00:20:02 - text_classification.py:200 - INFO - Creating dataloader...
2023-12-04 00:20:02 - text_classification.py:200 - INFO - Creating dataloader...
2023-12-04 00:20:02 - text_classification.py:244 - INFO - Training the model...
2023-12-04 00:20:13 - text_classification.py:247 - INFO - Testing the model...
2023-12-04 00:20:14 - text_classification.py:314 - INFO - Accuracy: [{'test_loss': 2.025905132293701, 'test_f1': 0.4570795321320282}]
2023-12-04 00:20:24 - text_classification.py:335 - INFO - Initializing...
2023-12-04 00:20:24 - text_classification.py:404 - INFO - args: Namespace(label='SS_ternary', test_size=0.1, model='nn', lr=0.0001, batch_size=128, max_epochs=30, patience=2, encoder='tfidf', decomp_dim=100, threshold=0.3, seed=42)
2023-12-04 00:20:24 - text_classification.py:408 - INFO - file_paths: [PosixPath('preprocessed/1902M4001.csv'), PosixPath('preprocessed/1902F4011.csv'), PosixPath('preprocessed/1902F7002.csv'), PosixPath('preprocessed/1902M3001.csv'), PosixPath('preprocessed/1902M7002.csv'), PosixPath('preprocessed/1902F7001.csv'), PosixPath('preprocessed/1902F6001.csv'), PosixPath('preprocessed/1902M2001.csv'), PosixPath('preprocessed/1902F4003.csv'), PosixPath('preprocessed/1902F4005.csv'), PosixPath('preprocessed/1902M5003.csv'), PosixPath('preprocessed/1902F4010.csv'), PosixPath('preprocessed/1902M5001.csv'), PosixPath('preprocessed/1902F4008.csv'), PosixPath('preprocessed/1902F4002.csv'), PosixPath('preprocessed/1902F4006.csv'), PosixPath('preprocessed/1902F2001.csv'), PosixPath('preprocessed/1902F7003.csv'), PosixPath('preprocessed/1902F4004.csv'), PosixPath('preprocessed/1902M4002.csv'), PosixPath('preprocessed/1902F4001.csv'), PosixPath('preprocessed/1902M7001.csv'), PosixPath('preprocessed/1902F3002.csv'), PosixPath('preprocessed/1902F2002.csv'), PosixPath('preprocessed/1902F6002.csv'), PosixPath('preprocessed/1902F3001.csv'), PosixPath('preprocessed/1902F4009.csv'), PosixPath('preprocessed/1902M5002.csv')]
2023-12-04 00:20:24 - text_classification.py:59 - INFO - Fitting TfidfVectorizer...
2023-12-04 00:20:24 - text_classification.py:88 - INFO - Fitting TruncatedSVD...
2023-12-04 00:20:24 - text_classification.py:190 - INFO - utter_embeddings.shape: (2337, 200)
2023-12-04 00:20:24 - text_classification.py:191 - INFO - labels.shape: (2337,)
2023-12-04 00:20:24 - text_classification.py:276 - INFO - X_train.shape: (2103, 312)
2023-12-04 00:20:24 - text_classification.py:277 - INFO - X_test.shape: (234, 312)
2023-12-04 00:20:24 - text_classification.py:278 - INFO - y_train.shape: (2103,)
2023-12-04 00:20:24 - text_classification.py:279 - INFO - y_test.shape: (234,)
2023-12-04 00:20:24 - text_classification.py:200 - INFO - Creating dataloader...
2023-12-04 00:20:24 - text_classification.py:200 - INFO - Creating dataloader...
2023-12-04 00:20:24 - text_classification.py:200 - INFO - Creating dataloader...
2023-12-04 00:20:24 - text_classification.py:244 - INFO - Training the model...
2023-12-04 00:20:45 - text_classification.py:247 - INFO - Testing the model...
2023-12-04 00:20:46 - text_classification.py:314 - INFO - Accuracy: [{'test_loss': 1.099900484085083, 'test_f1': 0.3875857414531533}]
